2016-11-24 14:23:53.314 xcodebuild[21299:266828] [MT] PluginLoading: Required plug-in compatibility UUID DA4FDFD8-C509-4D8B-8B55-84A7B66AE701 for plug-in at path '~/Library/Application Support/Developer/Shared/Xcode/Plug-ins/RealmPlugin.xcplugin' not present in DVTPlugInCompatibilityUUIDs
2016-11-24 14:23:53.314 xcodebuild[21299:266828] [MT] PluginLoading: Required plug-in compatibility UUID DA4FDFD8-C509-4D8B-8B55-84A7B66AE701 for plug-in at path '~/Library/Application Support/Developer/Shared/Xcode/Plug-ins/Alcatraz.xcplugin' not present in DVTPlugInCompatibilityUUIDs
2016-11-24 14:23:53.469 xcodebuild[21299:266828] WARNING: Failed to load plugin at path: "/Users/nguyenthanhbinh/Library/Application Support/Developer/Shared/Xcode/Plug-ins/ActivatePowerMode.xcplugin", skipping. Error: Error Domain=NSCocoaErrorDomain Code=3587 "dlopen_preflight(/Users/nguyenthanhbinh/Library/Application Support/Developer/Shared/Xcode/Plug-ins/ActivatePowerMode.xcplugin/Contents/MacOS/ActivatePowerMode): no suitable image found.  Did find:
	/Users/nguyenthanhbinh/Library/Application Support/Developer/Shared/Xcode/Plug-ins/ActivatePowerMode.xcplugin/Contents/MacOS/ActivatePowerMode: code signing blocked mmap() of '/Users/nguyenthanhbinh/Library/Application Support/Developer/Shared/Xcode/Plug-ins/ActivatePowerMode.xcplugin/Contents/MacOS/ActivatePowerMode'" UserInfo={NSLocalizedFailureReason=The bundle is damaged or missing necessary resources., NSLocalizedRecoverySuggestion=Try reinstalling the bundle., NSFilePath=/Users/nguyenthanhbinh/Library/Application Support/Developer/Shared/Xcode/Plug-ins/ActivatePowerMode.xcplugin/Contents/MacOS/ActivatePowerMode, NSDebugDescription=dlopen_preflight(/Users/nguyenthanhbinh/Library/Application Support/Developer/Shared/Xcode/Plug-ins/ActivatePowerMode.xcplugin/Contents/MacOS/ActivatePowerMode): no suitable image found.  Did find:
	/Users/nguyenthanhbinh/Library/Application Support/Developer/Shared/Xcode/Plug-ins/ActivatePowerMode.xcplugin/Contents/MacOS/ActivatePowerMode: code signing blocked mmap() of '/Users/nguyenthanhbinh/Library/Application Support/Developer/Shared/Xcode/Plug-ins/ActivatePowerMode.xcplugin/Contents/MacOS/ActivatePowerMode', NSBundlePath=/Users/nguyenthanhbinh/Library/Application Support/Developer/Shared/Xcode/Plug-ins/ActivatePowerMode.xcplugin, NSLocalizedDescription=The bundle “ActivatePowerMode” couldn’t be loaded because it is damaged or missing necessary resources.}
In file included from ../lib/kerberos.cc:1:
../lib/kerberos.h:32:48: error: unknown type name 'Arguments'; did you mean 'v8::internal::Arguments'?
  static Handle<Value> AuthGSSClientInit(const Arguments &args);
                                               ^~~~~~~~~
                                               v8::internal::Arguments
/Users/nguyenthanhbinh/.node-gyp/6.5.0/include/node/v8.h:147:7: note: 'v8::internal::Arguments' declared here
class Arguments;
      ^
In file included from ../lib/kerberos.cc:1:
../lib/kerberos.h:33:48: error: unknown type name 'Arguments'; did you mean 'v8::internal::Arguments'?
  static Handle<Value> AuthGSSClientStep(const Arguments &args);
                                               ^~~~~~~~~
                                               v8::internal::Arguments
/Users/nguyenthanhbinh/.node-gyp/6.5.0/include/node/v8.h:147:7: note: 'v8::internal::Arguments' declared here
class Arguments;
      ^
In file included from ../lib/kerberos.cc:1:
../lib/kerberos.h:34:50: error: unknown type name 'Arguments'; did you mean 'v8::internal::Arguments'?
  static Handle<Value> AuthGSSClientUnwrap(const Arguments &args);
                                                 ^~~~~~~~~
                                                 v8::internal::Arguments
/Users/nguyenthanhbinh/.node-gyp/6.5.0/include/node/v8.h:147:7: note: 'v8::internal::Arguments' declared here
class Arguments;
      ^
In file included from ../lib/kerberos.cc:1:
../lib/kerberos.h:35:48: error: unknown type name 'Arguments'; did you mean 'v8::internal::Arguments'?
  static Handle<Value> AuthGSSClientWrap(const Arguments &args);
                                               ^~~~~~~~~
                                               v8::internal::Arguments
/Users/nguyenthanhbinh/.node-gyp/6.5.0/include/node/v8.h:147:7: note: 'v8::internal::Arguments' declared here
class Arguments;
      ^
In file included from ../lib/kerberos.cc:1:
../lib/kerberos.h:36:49: error: unknown type name 'Arguments'; did you mean 'v8::internal::Arguments'?
  static Handle<Value> AuthGSSClientClean(const Arguments &args);
                                                ^~~~~~~~~
                                                v8::internal::Arguments
/Users/nguyenthanhbinh/.node-gyp/6.5.0/include/node/v8.h:147:7: note: 'v8::internal::Arguments' declared here
class Arguments;
      ^
In file included from ../lib/kerberos.cc:1:
../lib/kerberos.h:39:34: error: unknown type name 'Arguments'; did you mean 'v8::internal::Arguments'?
  static Handle<Value> New(const Arguments &args);  
                                 ^~~~~~~~~
                                 v8::internal::Arguments
/Users/nguyenthanhbinh/.node-gyp/6.5.0/include/node/v8.h:147:7: note: 'v8::internal::Arguments' declared here
class Arguments;
      ^
In file included from ../lib/kerberos.cc:1:
../lib/kerberos.h:42:23: error: unknown type name 'uv_work_t'
  static void Process(uv_work_t* work_req);
                      ^
../lib/kerberos.h:44:21: error: unknown type name 'uv_work_t'
  static void After(uv_work_t* work_req);
                    ^
In file included from ../lib/kerberos.cc:3:
../lib/worker.h:17:5: error: unknown type name 'uv_work_t'
    uv_work_t request;
    ^
In file included from ../lib/kerberos.cc:4:
../lib/kerberos_context.h:44:34: error: unknown type name 'Arguments'; did you mean 'v8::internal::Arguments'?
  static Handle<Value> New(const Arguments &args);  
                                 ^~~~~~~~~
                                 v8::internal::Arguments
/Users/nguyenthanhbinh/.node-gyp/6.5.0/include/node/v8.h:147:7: note: 'v8::internal::Arguments' declared here
class Arguments;
      ^
In file included from ../lib/kerberos.cc:4:
../lib/kerberos_context.h:46:69: error: unknown type name 'AccessorInfo'
  static Handle<Value> ResponseGetter(Local<String> property, const AccessorInfo& info);  
                                                                    ^
../lib/kerberos_context.h:28:32: error: member reference type 'Persistent<v8::FunctionTemplate>' is not a pointer; did you mean to use '.'?
    return constructor_template->HasInstance(obj);
           ~~~~~~~~~~~~~~~~~~~~^~
                               .
../lib/kerberos_context.h:28:34: error: no member named 'HasInstance' in 'v8::Persistent<v8::FunctionTemplate, v8::NonCopyablePersistentTraits<v8::FunctionTemplate> >'
    return constructor_template->HasInstance(obj);
           ~~~~~~~~~~~~~~~~~~~~  ^
../lib/kerberos.cc:40:15: error: calling a protected constructor of class 'v8::HandleScope'
  HandleScope scope;
              ^
/Users/nguyenthanhbinh/.node-gyp/6.5.0/include/node/v8.h:915:13: note: declared protected here
  V8_INLINE HandleScope() {}
            ^
../lib/kerberos.cc:41:50: error: no member named 'New' in 'v8::String'
  return ThrowException(Exception::Error(String::New(msg)));
                                         ~~~~~~~~^
../lib/kerberos.cc:49:15: error: calling a protected constructor of class 'v8::HandleScope'
  HandleScope scope;
              ^
/Users/nguyenthanhbinh/.node-gyp/6.5.0/include/node/v8.h:915:13: note: declared protected here
  V8_INLINE HandleScope() {}
            ^
../lib/kerberos.cc:51:31: error: no matching function for call to 'New'
  Local<FunctionTemplate> t = FunctionTemplate::New(Kerberos::New);
                              ^~~~~~~~~~~~~~~~~~~~~
/Users/nguyenthanhbinh/.node-gyp/6.5.0/include/node/v8.h:4483:34: note: candidate function not viable: no known conversion from 'Handle<v8::Value> (const v8::internal::Arguments &)' (aka 'v8::Local<v8::Value> (const v8::internal::Arguments &)') to 'v8::Isolate *' for 1st argument
  static Local<FunctionTemplate> New(
                                 ^
/Users/nguyenthanhbinh/.node-gyp/6.5.0/include/node/v8.h:4487:34: note: candidate function not viable: requires 6 arguments, but 1 was provided
  static Local<FunctionTemplate> New(
                                 ^
../lib/kerberos.cc:52:56: error: 'New' is a private member of 'v8::PersistentBase<v8::FunctionTemplate>'
  constructor_template = Persistent<FunctionTemplate>::New(t);
                                                       ^
/Users/nguyenthanhbinh/.node-gyp/6.5.0/include/node/v8.h:669:23: note: declared private here
  V8_INLINE static T* New(Isolate* isolate, T* that);
                      ^
../lib/kerberos.cc:52:26: error: too few arguments to function call, expected 2, have 1; did you mean '::Kerberos::New'?
  constructor_template = Persistent<FunctionTemplate>::New(t);
                         ^~~~~~~~~~
                         ::Kerberos::New
../lib/kerberos.h:39:24: note: '::Kerberos::New' declared here
  static Handle<Value> New(const Arguments &args);  
                       ^
fatal error: too many errors emitted, stopping now [-ferror-limit=]
20 errors generated.
make: *** [Release/obj.target/kerberos/lib/kerberos.o] Error 1
gyp ERR! build error 
gyp ERR! stack Error: `make` failed with exit code: 2
gyp ERR! stack     at ChildProcess.onExit (/usr/local/lib/node_modules/npm/node_modules/node-gyp/lib/build.js:276:23)
gyp ERR! stack     at emitTwo (events.js:106:13)
gyp ERR! stack     at ChildProcess.emit (events.js:191:7)
gyp ERR! stack     at Process.ChildProcess._handle.onexit (internal/child_process.js:215:12)
gyp ERR! System Darwin 16.1.0
gyp ERR! command "/usr/local/bin/node" "/usr/local/lib/node_modules/npm/node_modules/node-gyp/bin/node-gyp.js" "rebuild"
gyp ERR! cwd /Users/nguyenthanhbinh/Works/Nodejs/timezone/node_modules/kerberos
gyp ERR! node -v v6.5.0
gyp ERR! node-gyp -v v3.3.1
gyp ERR! not ok 
